<?xml version="1.0" encoding="UTF-8"?>
<!-- Generated by org.testng.reporters.JUnitReportReporter -->
<testsuite skipped="0" hostname="LAPTOP-JSR19VR7" name="vwfs.insuranceportal.stepDefinitions.RunnerTest" tests="1" failures="0" timestamp="27 Mar 2019 15:17:19 GMT" time="22.827" errors="0">
  <testcase name="feature" time="22.827" classname="vwfs.insuranceportal.stepDefinitions.RunnerTest"/>
</testsuite> <!-- vwfs.insuranceportal.stepDefinitions.RunnerTest -->
